<?xml version="1.0" encoding="UTF-8"?>
<!-- Generated by org.testng.reporters.JUnitXMLReporter -->
<testsuite ignored="0" hostname="sohi" failures="0" tests="4" name="Default test" time="9.904" errors="0" timestamp="2023-06-22T00:49:32 EDT">
  <testcase classname="testLayer.LoginTest" name="Title" time="0.019"/>
  <testcase classname="testLayer.LoginTest" name="Login" time="0.196"/>
  <testcase classname="testLayer.LoginTest" name="Login" time="0.189"/>
  <testcase classname="testLayer.LoginTest" name="Login" time="0.192"/>
</testsuite> <!-- Default test -->
