<?xml version="1.0" encoding="UTF-8"?>
<testng-results ignored="0" total="4" passed="4" failed="0" skipped="0">
  <reporter-output>
  </reporter-output>
  <suite started-at="2023-06-22T01:00:13 EDT" name="Swablabs" finished-at="2023-06-22T01:00:22 EDT" duration-ms="8372">
    <groups>
    </groups>
    <test started-at="2023-06-22T01:00:13 EDT" name="TestNG" finished-at="2023-06-22T01:00:22 EDT" duration-ms="8372">
      <class name="testLayer.LoginTest">
        <test-method is-config="true" signature="initsetup()[pri:0, instance:testLayer.LoginTest@2a65fe7c]" started-at="2023-06-22T01:00:13 EDT" name="initsetup" finished-at="2023-06-22T01:00:16 EDT" duration-ms="2348" status="PASS">
          <reporter-output>
          </reporter-output>
        </test-method> <!-- initsetup -->
        <test-method signature="Title()[pri:1, instance:testLayer.LoginTest@2a65fe7c]" started-at="2023-06-22T01:00:16 EDT" name="Title" finished-at="2023-06-22T01:00:16 EDT" duration-ms="15" status="PASS">
          <reporter-output>
          </reporter-output>
        </test-method> <!-- Title -->
        <test-method is-config="true" signature="close()[pri:0, instance:testLayer.LoginTest@2a65fe7c]" started-at="2023-06-22T01:00:16 EDT" name="close" finished-at="2023-06-22T01:00:16 EDT" duration-ms="87" status="PASS">
          <reporter-output>
          </reporter-output>
        </test-method> <!-- close -->
        <test-method is-config="true" signature="initsetup()[pri:0, instance:testLayer.LoginTest@2a65fe7c]" started-at="2023-06-22T01:00:16 EDT" name="initsetup" finished-at="2023-06-22T01:00:18 EDT" duration-ms="1457" status="PASS">
          <reporter-output>
          </reporter-output>
        </test-method> <!-- initsetup -->
        <test-method signature="Login(java.lang.String,java.lang.String)[pri:2, instance:testLayer.LoginTest@2a65fe7c]" started-at="2023-06-22T01:00:18 EDT" name="Login" data-provider="Details" finished-at="2023-06-22T01:00:18 EDT" duration-ms="193" status="PASS">
          <params>
            <param index="0">
              <value>
                <![CDATA[Admin]]>
              </value>
            </param>
            <param index="1">
              <value>
                <![CDATA[admin123]]>
              </value>
            </param>
          </params>
          <reporter-output>
          </reporter-output>
        </test-method> <!-- Login -->
        <test-method is-config="true" signature="close()[pri:0, instance:testLayer.LoginTest@2a65fe7c]" started-at="2023-06-22T01:00:18 EDT" name="close" finished-at="2023-06-22T01:00:18 EDT" duration-ms="99" status="PASS">
          <reporter-output>
          </reporter-output>
        </test-method> <!-- close -->
        <test-method is-config="true" signature="initsetup()[pri:0, instance:testLayer.LoginTest@2a65fe7c]" started-at="2023-06-22T01:00:18 EDT" name="initsetup" finished-at="2023-06-22T01:00:20 EDT" duration-ms="1395" status="PASS">
          <reporter-output>
          </reporter-output>
        </test-method> <!-- initsetup -->
        <test-method signature="Login(java.lang.String,java.lang.String)[pri:2, instance:testLayer.LoginTest@2a65fe7c]" started-at="2023-06-22T01:00:20 EDT" name="Login" data-provider="Details" finished-at="2023-06-22T01:00:20 EDT" duration-ms="192" status="PASS">
          <params>
            <param index="0">
              <value>
                <![CDATA[Scott]]>
              </value>
            </param>
            <param index="1">
              <value>
                <![CDATA[ancd]]>
              </value>
            </param>
          </params>
          <reporter-output>
          </reporter-output>
        </test-method> <!-- Login -->
        <test-method is-config="true" signature="close()[pri:0, instance:testLayer.LoginTest@2a65fe7c]" started-at="2023-06-22T01:00:20 EDT" name="close" finished-at="2023-06-22T01:00:20 EDT" duration-ms="108" status="PASS">
          <reporter-output>
          </reporter-output>
        </test-method> <!-- close -->
        <test-method is-config="true" signature="initsetup()[pri:0, instance:testLayer.LoginTest@2a65fe7c]" started-at="2023-06-22T01:00:20 EDT" name="initsetup" finished-at="2023-06-22T01:00:22 EDT" duration-ms="1614" status="PASS">
          <reporter-output>
          </reporter-output>
        </test-method> <!-- initsetup -->
        <test-method signature="Login(java.lang.String,java.lang.String)[pri:2, instance:testLayer.LoginTest@2a65fe7c]" started-at="2023-06-22T01:00:22 EDT" name="Login" data-provider="Details" finished-at="2023-06-22T01:00:22 EDT" duration-ms="192" status="PASS">
          <params>
            <param index="0">
              <value>
                <![CDATA[standard]]>
              </value>
            </param>
            <param index="1">
              <value>
                <![CDATA[secret]]>
              </value>
            </param>
          </params>
          <reporter-output>
          </reporter-output>
        </test-method> <!-- Login -->
        <test-method is-config="true" signature="close()[pri:0, instance:testLayer.LoginTest@2a65fe7c]" started-at="2023-06-22T01:00:22 EDT" name="close" finished-at="2023-06-22T01:00:22 EDT" duration-ms="109" status="PASS">
          <reporter-output>
          </reporter-output>
        </test-method> <!-- close -->
      </class> <!-- testLayer.LoginTest -->
    </test> <!-- TestNG -->
  </suite> <!-- Swablabs -->
</testng-results>
