<?xml version="1.0" encoding="UTF-8"?>
<!-- Generated by org.testng.reporters.JUnitXMLReporter -->
<testsuite ignored="0" hostname="sohi" failures="0" tests="4" name="TestNG" time="8.372" errors="0" timestamp="2023-06-22T01:00:22 EDT">
  <testcase classname="testLayer.LoginTest" name="Title" time="0.015"/>
  <testcase classname="testLayer.LoginTest" name="Login" time="0.193"/>
  <testcase classname="testLayer.LoginTest" name="Login" time="0.192"/>
  <testcase classname="testLayer.LoginTest" name="Login" time="0.192"/>
</testsuite> <!-- TestNG -->
